<?xml version="1.0" encoding="UTF-8"?>
<robot generator="Robot 7.3 (Python 3.13.3 on win32)" generated="2025-06-03T21:21:05.848951" rpa="false" schemaversion="5">
<suite id="s1" name="Formulario" source="C:\Users\Felipe\Desktop\Youtube channels\robot_project\formulario.robot">
<kw name="Abrir navegador" owner="keywords" type="SETUP">
<kw name="Open Browser" owner="SeleniumLibrary">
<msg time="2025-06-03T21:21:06.081167" level="INFO">Opening browser 'Chrome' to base url 'http://localhost:3000/'.</msg>
<arg>${URL}</arg>
<arg>${BROWSER}</arg>
<doc>Opens a new browser instance to the optional ``url``.</doc>
<status status="PASS" start="2025-06-03T21:21:06.080987" elapsed="1.563827"/>
</kw>
<kw name="Maximize Browser Window" owner="SeleniumLibrary">
<doc>Maximizes current browser window.</doc>
<status status="PASS" start="2025-06-03T21:21:07.645031" elapsed="0.028163"/>
</kw>
<status status="PASS" start="2025-06-03T21:21:06.080555" elapsed="1.592775"/>
</kw>
<test id="s1-t1" name="Cadastro de colaborador com dados válidos" line="10">
<kw name="Preencher formulário com dados" owner="keywords">
<kw name="Input Text" owner="SeleniumLibrary">
<msg time="2025-06-03T21:21:07.674791" level="INFO">Typing text 'Felipe' into text field 'id:form-nome'.</msg>
<arg>id:form-nome</arg>
<arg>${nome}</arg>
<doc>Types the given ``text`` into the text field identified by ``locator``.</doc>
<status status="PASS" start="2025-06-03T21:21:07.674361" elapsed="0.084122"/>
</kw>
<kw name="Input Text" owner="SeleniumLibrary">
<msg time="2025-06-03T21:21:07.758918" level="INFO">Typing text 'Boss' into text field 'id:form-cargo'.</msg>
<arg>id:form-cargo</arg>
<arg>${cargo}</arg>
<doc>Types the given ``text`` into the text field identified by ``locator``.</doc>
<status status="PASS" start="2025-06-03T21:21:07.758680" elapsed="0.048246"/>
</kw>
<kw name="Input Text" owner="SeleniumLibrary">
<msg time="2025-06-03T21:21:07.807309" level="INFO">Typing text 'https://picsum.photos/200/300?grayscale' into text field 'id:form-imagem'.</msg>
<arg>id:form-imagem</arg>
<arg>${IMAGEM}</arg>
<doc>Types the given ``text`` into the text field identified by ``locator``.</doc>
<status status="PASS" start="2025-06-03T21:21:07.807099" elapsed="0.068740"/>
</kw>
<kw name="Click Element" owner="SeleniumLibrary">
<msg time="2025-06-03T21:21:07.876297" level="INFO">Clicking element 'class:lista-suspensa'.</msg>
<arg>class:lista-suspensa</arg>
<doc>Click the element identified by ``locator``.</doc>
<status status="PASS" start="2025-06-03T21:21:07.876085" elapsed="0.051150"/>
</kw>
<kw name="Click Element" owner="SeleniumLibrary">
<msg time="2025-06-03T21:21:07.927566" level="INFO">Clicking element '//option[contains(.,'Front-End')]'.</msg>
<arg>//option[contains(.,'${time}')]</arg>
<doc>Click the element identified by ``locator``.</doc>
<status status="PASS" start="2025-06-03T21:21:07.927379" elapsed="0.020821"/>
</kw>
<kw name="Click Element" owner="SeleniumLibrary">
<msg time="2025-06-03T21:21:07.948483" level="INFO">Clicking element 'id:form-botao'.</msg>
<arg>id:form-botao</arg>
<doc>Click the element identified by ``locator``.</doc>
<status status="PASS" start="2025-06-03T21:21:07.948341" elapsed="0.057914"/>
</kw>
<kw name="Sleep" owner="BuiltIn">
<msg time="2025-06-03T21:21:09.007024" level="INFO">Slept 1 second.</msg>
<arg>1s</arg>
<doc>Pauses the test executed for the given time.</doc>
<status status="PASS" start="2025-06-03T21:21:08.006402" elapsed="1.000740"/>
</kw>
<arg>Felipe</arg>
<arg>Boss</arg>
<arg>Front-End</arg>
<status status="PASS" start="2025-06-03T21:21:07.674049" elapsed="1.333201"/>
</kw>
<kw name="Validar colaborador criado" owner="keywords">
<kw name="Element Should Be Visible" owner="SeleniumLibrary">
<msg time="2025-06-03T21:21:09.023409" level="INFO">Element 'class:colaborador' is displayed.</msg>
<arg>class:colaborador</arg>
<doc>Verifies that the element identified by ``locator`` is visible.</doc>
<status status="PASS" start="2025-06-03T21:21:09.007807" elapsed="0.015690"/>
</kw>
<kw name="Sleep" owner="BuiltIn">
<msg time="2025-06-03T21:21:12.024014" level="INFO">Slept 3 seconds.</msg>
<arg>3s</arg>
<doc>Pauses the test executed for the given time.</doc>
<status status="PASS" start="2025-06-03T21:21:09.023650" elapsed="3.000468"/>
</kw>
<status status="PASS" start="2025-06-03T21:21:09.007554" elapsed="3.016660"/>
</kw>
<status status="PASS" start="2025-06-03T21:21:07.673438" elapsed="4.351002"/>
</test>
<kw name="Fechar navegador" owner="keywords" type="TEARDOWN">
<kw name="Close Browser" owner="SeleniumLibrary">
<doc>Closes the current browser.</doc>
<status status="PASS" start="2025-06-03T21:21:12.025264" elapsed="2.118162"/>
</kw>
<status status="PASS" start="2025-06-03T21:21:12.025090" elapsed="2.118440"/>
</kw>
<status status="PASS" start="2025-06-03T21:21:05.850192" elapsed="8.293376"/>
</suite>
<statistics>
<total>
<stat pass="1" fail="0" skip="0">All Tests</stat>
</total>
<tag>
</tag>
<suite>
<stat name="Formulario" id="s1" pass="1" fail="0" skip="0">Formulario</stat>
</suite>
</statistics>
<errors>
</errors>
</robot>
