<?xml version="1.0" encoding="UTF-8"?>
<robot generator="Robot 7.3 (Python 3.13.3 on win32)" generated="2025-06-04T18:48:25.059340" rpa="false" schemaversion="5">
<suite id="s1" name="Formulario" source="c:\Users\Felipe\Desktop\Youtube channels\robot_project\tests\formulario.robot">
<kw name="Abrir navegador" owner="setup_teardown" type="SETUP">
<kw name="Open Browser" owner="SeleniumLibrary">
<msg time="2025-06-04T18:48:25.270225" level="INFO">Opening browser 'chrome' to base url 'http://localhost:3000/'.</msg>
<arg>http://localhost:3000/</arg>
<arg>chrome</arg>
<doc>Opens a new browser instance to the optional ``url``.</doc>
<status status="PASS" start="2025-06-04T18:48:25.269966" elapsed="1.550119"/>
</kw>
<kw name="Maximize Browser Window" owner="SeleniumLibrary">
<doc>Maximizes current browser window.</doc>
<status status="PASS" start="2025-06-04T18:48:26.820433" elapsed="0.025089"/>
</kw>
<kw name="Set Selenium Speed" owner="SeleniumLibrary">
<arg>0.3s</arg>
<doc>Sets the delay that is waited after each Selenium command.</doc>
<status status="PASS" start="2025-06-04T18:48:26.845788" elapsed="0.000301"/>
</kw>
<status status="PASS" start="2025-06-04T18:48:25.269310" elapsed="1.576907"/>
</kw>
<test id="s1-t1" name="Cadastro em massa de colaboradores" line="17">
<for flavor="IN">
<iter>
<kw name="Preencher formulário com dados" owner="keywords">
<kw name="Input Text" owner="SeleniumLibrary">
<msg time="2025-06-04T18:48:26.848063" level="INFO">Typing text 'Felipe' into text field 'id:form-nome'.</msg>
<arg>id:form-nome</arg>
<arg>${nome}</arg>
<doc>Types the given ``text`` into the text field identified by ``locator``.</doc>
<status status="PASS" start="2025-06-04T18:48:26.847721" elapsed="0.963966"/>
</kw>
<kw name="Input Text" owner="SeleniumLibrary">
<msg time="2025-06-04T18:48:27.812265" level="INFO">Typing text 'QA' into text field 'id:form-cargo'.</msg>
<arg>id:form-cargo</arg>
<arg>${cargo}</arg>
<doc>Types the given ``text`` into the text field identified by ``locator``.</doc>
<status status="PASS" start="2025-06-04T18:48:27.811975" elapsed="0.952636"/>
</kw>
<kw name="Input Text" owner="SeleniumLibrary">
<msg time="2025-06-04T18:48:28.765123" level="INFO">Typing text 'https://picsum.photos/200/300?grayscale' into text field 'id:form-imagem'.</msg>
<arg>id:form-imagem</arg>
<arg>${IMAGEM}</arg>
<doc>Types the given ``text`` into the text field identified by ``locator``.</doc>
<status status="PASS" start="2025-06-04T18:48:28.764857" elapsed="0.969954"/>
</kw>
<kw name="Click Element" owner="SeleniumLibrary">
<msg time="2025-06-04T18:48:29.735319" level="INFO">Clicking element 'class:lista-suspensa'.</msg>
<arg>class:lista-suspensa</arg>
<doc>Click the element identified by ``locator``.</doc>
<status status="PASS" start="2025-06-04T18:48:29.735088" elapsed="0.649807"/>
</kw>
<kw name="Click Element" owner="SeleniumLibrary">
<msg time="2025-06-04T18:48:30.385469" level="INFO">Clicking element '//option[contains(.,'Front-End')]'.</msg>
<arg>//option[contains(.,'${time}')]</arg>
<doc>Click the element identified by ``locator``.</doc>
<status status="PASS" start="2025-06-04T18:48:30.385176" elapsed="0.620502"/>
</kw>
<kw name="Click Element" owner="SeleniumLibrary">
<msg time="2025-06-04T18:48:31.006148" level="INFO">Clicking element 'id:form-botao'.</msg>
<arg>id:form-botao</arg>
<doc>Click the element identified by ``locator``.</doc>
<status status="PASS" start="2025-06-04T18:48:31.005929" elapsed="0.638973"/>
</kw>
<kw name="Sleep" owner="BuiltIn">
<msg time="2025-06-04T18:48:32.645519" level="INFO">Slept 1 second.</msg>
<arg>1s</arg>
<doc>Pauses the test executed for the given time.</doc>
<status status="PASS" start="2025-06-04T18:48:31.645239" elapsed="1.000549"/>
</kw>
<arg>${nome}</arg>
<arg>${cargo}</arg>
<arg>${time}</arg>
<status status="PASS" start="2025-06-04T18:48:26.847328" elapsed="5.798614"/>
</kw>
<kw name="Validar colaborador criado" owner="keywords">
<kw name="Element Should Be Visible" owner="SeleniumLibrary">
<msg time="2025-06-04T18:48:33.259156" level="INFO">Element 'class:colaborador' is displayed.</msg>
<arg>class:colaborador</arg>
<doc>Verifies that the element identified by ``locator`` is visible.</doc>
<status status="PASS" start="2025-06-04T18:48:32.646418" elapsed="0.612978"/>
</kw>
<kw name="Sleep" owner="BuiltIn">
<msg time="2025-06-04T18:48:36.259964" level="INFO">Slept 3 seconds.</msg>
<arg>3s</arg>
<doc>Pauses the test executed for the given time.</doc>
<status status="PASS" start="2025-06-04T18:48:33.259567" elapsed="3.000834"/>
</kw>
<status status="PASS" start="2025-06-04T18:48:32.646165" elapsed="3.614490"/>
</kw>
<var name="${nome}">Felipe</var>
<var name="${cargo}">QA</var>
<var name="${time}">Front-End</var>
<status status="PASS" start="2025-06-04T18:48:26.847088" elapsed="9.413696"/>
</iter>
<iter>
<kw name="Preencher formulário com dados" owner="keywords">
<kw name="Input Text" owner="SeleniumLibrary">
<msg time="2025-06-04T18:48:36.262074" level="INFO">Typing text 'Maria' into text field 'id:form-nome'.</msg>
<arg>id:form-nome</arg>
<arg>${nome}</arg>
<doc>Types the given ``text`` into the text field identified by ``locator``.</doc>
<status status="PASS" start="2025-06-04T18:48:36.261816" elapsed="0.947005"/>
</kw>
<kw name="Input Text" owner="SeleniumLibrary">
<msg time="2025-06-04T18:48:37.209339" level="INFO">Typing text 'Dev' into text field 'id:form-cargo'.</msg>
<arg>id:form-cargo</arg>
<arg>${cargo}</arg>
<doc>Types the given ``text`` into the text field identified by ``locator``.</doc>
<status status="PASS" start="2025-06-04T18:48:37.209084" elapsed="0.948500"/>
</kw>
<kw name="Input Text" owner="SeleniumLibrary">
<msg time="2025-06-04T18:48:38.158164" level="INFO">Typing text 'https://picsum.photos/200/300?grayscale' into text field 'id:form-imagem'.</msg>
<arg>id:form-imagem</arg>
<arg>${IMAGEM}</arg>
<doc>Types the given ``text`` into the text field identified by ``locator``.</doc>
<status status="PASS" start="2025-06-04T18:48:38.157874" elapsed="0.970454"/>
</kw>
<kw name="Click Element" owner="SeleniumLibrary">
<msg time="2025-06-04T18:48:39.128802" level="INFO">Clicking element 'class:lista-suspensa'.</msg>
<arg>class:lista-suspensa</arg>
<doc>Click the element identified by ``locator``.</doc>
<status status="PASS" start="2025-06-04T18:48:39.128585" elapsed="0.639658"/>
</kw>
<kw name="Click Element" owner="SeleniumLibrary">
<msg time="2025-06-04T18:48:39.768835" level="INFO">Clicking element '//option[contains(.,'Mobile')]'.</msg>
<arg>//option[contains(.,'${time}')]</arg>
<doc>Click the element identified by ``locator``.</doc>
<status status="PASS" start="2025-06-04T18:48:39.768540" elapsed="0.616325"/>
</kw>
<kw name="Click Element" owner="SeleniumLibrary">
<msg time="2025-06-04T18:48:40.385381" level="INFO">Clicking element 'id:form-botao'.</msg>
<arg>id:form-botao</arg>
<doc>Click the element identified by ``locator``.</doc>
<status status="PASS" start="2025-06-04T18:48:40.385145" elapsed="0.633863"/>
</kw>
<kw name="Sleep" owner="BuiltIn">
<msg time="2025-06-04T18:48:42.019720" level="INFO">Slept 1 second.</msg>
<arg>1s</arg>
<doc>Pauses the test executed for the given time.</doc>
<status status="PASS" start="2025-06-04T18:48:41.019281" elapsed="1.000679"/>
</kw>
<arg>${nome}</arg>
<arg>${cargo}</arg>
<arg>${time}</arg>
<status status="PASS" start="2025-06-04T18:48:36.261400" elapsed="5.758701"/>
</kw>
<kw name="Validar colaborador criado" owner="keywords">
<kw name="Element Should Be Visible" owner="SeleniumLibrary">
<msg time="2025-06-04T18:48:42.629607" level="INFO">Element 'class:colaborador' is displayed.</msg>
<arg>class:colaborador</arg>
<doc>Verifies that the element identified by ``locator`` is visible.</doc>
<status status="PASS" start="2025-06-04T18:48:42.020562" elapsed="0.609302"/>
</kw>
<kw name="Sleep" owner="BuiltIn">
<msg time="2025-06-04T18:48:45.630811" level="INFO">Slept 3 seconds.</msg>
<arg>3s</arg>
<doc>Pauses the test executed for the given time.</doc>
<status status="PASS" start="2025-06-04T18:48:42.630054" elapsed="3.001012"/>
</kw>
<status status="PASS" start="2025-06-04T18:48:42.020318" elapsed="3.611056"/>
</kw>
<var name="${nome}">Maria</var>
<var name="${cargo}">Dev</var>
<var name="${time}">Mobile</var>
<status status="PASS" start="2025-06-04T18:48:36.261115" elapsed="9.370368"/>
</iter>
<iter>
<kw name="Preencher formulário com dados" owner="keywords">
<kw name="Input Text" owner="SeleniumLibrary">
<msg time="2025-06-04T18:48:45.632534" level="INFO">Typing text 'João' into text field 'id:form-nome'.</msg>
<arg>id:form-nome</arg>
<arg>${nome}</arg>
<doc>Types the given ``text`` into the text field identified by ``locator``.</doc>
<status status="PASS" start="2025-06-04T18:48:45.632317" elapsed="0.943014"/>
</kw>
<kw name="Input Text" owner="SeleniumLibrary">
<msg time="2025-06-04T18:48:46.575905" level="INFO">Typing text 'Tester' into text field 'id:form-cargo'.</msg>
<arg>id:form-cargo</arg>
<arg>${cargo}</arg>
<doc>Types the given ``text`` into the text field identified by ``locator``.</doc>
<status status="PASS" start="2025-06-04T18:48:46.575623" elapsed="0.941223"/>
</kw>
<kw name="Input Text" owner="SeleniumLibrary">
<msg time="2025-06-04T18:48:47.517512" level="INFO">Typing text 'https://picsum.photos/200/300?grayscale' into text field 'id:form-imagem'.</msg>
<arg>id:form-imagem</arg>
<arg>${IMAGEM}</arg>
<doc>Types the given ``text`` into the text field identified by ``locator``.</doc>
<status status="PASS" start="2025-06-04T18:48:47.517126" elapsed="0.960534"/>
</kw>
<kw name="Click Element" owner="SeleniumLibrary">
<msg time="2025-06-04T18:48:48.478239" level="INFO">Clicking element 'class:lista-suspensa'.</msg>
<arg>class:lista-suspensa</arg>
<doc>Click the element identified by ``locator``.</doc>
<status status="PASS" start="2025-06-04T18:48:48.477980" elapsed="0.640359"/>
</kw>
<kw name="Click Element" owner="SeleniumLibrary">
<msg time="2025-06-04T18:48:49.118858" level="INFO">Clicking element '//option[contains(.,'Mobile')]'.</msg>
<arg>//option[contains(.,'${time}')]</arg>
<doc>Click the element identified by ``locator``.</doc>
<status status="PASS" start="2025-06-04T18:48:49.118602" elapsed="0.616717"/>
</kw>
<kw name="Click Element" owner="SeleniumLibrary">
<msg time="2025-06-04T18:48:49.735908" level="INFO">Clicking element 'id:form-botao'.</msg>
<arg>id:form-botao</arg>
<doc>Click the element identified by ``locator``.</doc>
<status status="PASS" start="2025-06-04T18:48:49.735638" elapsed="0.647457"/>
</kw>
<kw name="Sleep" owner="BuiltIn">
<msg time="2025-06-04T18:48:51.383705" level="INFO">Slept 1 second.</msg>
<arg>1s</arg>
<doc>Pauses the test executed for the given time.</doc>
<status status="PASS" start="2025-06-04T18:48:50.383365" elapsed="1.000587"/>
</kw>
<arg>${nome}</arg>
<arg>${cargo}</arg>
<arg>${time}</arg>
<status status="PASS" start="2025-06-04T18:48:45.631976" elapsed="5.752118"/>
</kw>
<kw name="Validar colaborador criado" owner="keywords">
<kw name="Element Should Be Visible" owner="SeleniumLibrary">
<msg time="2025-06-04T18:48:51.994304" level="INFO">Element 'class:colaborador' is displayed.</msg>
<arg>class:colaborador</arg>
<doc>Verifies that the element identified by ``locator`` is visible.</doc>
<status status="PASS" start="2025-06-04T18:48:51.384600" elapsed="0.609969"/>
</kw>
<kw name="Sleep" owner="BuiltIn">
<msg time="2025-06-04T18:48:54.995320" level="INFO">Slept 3 seconds.</msg>
<arg>3s</arg>
<doc>Pauses the test executed for the given time.</doc>
<status status="PASS" start="2025-06-04T18:48:51.994766" elapsed="3.000795"/>
</kw>
<status status="PASS" start="2025-06-04T18:48:51.384314" elapsed="3.611372"/>
</kw>
<var name="${nome}">João</var>
<var name="${cargo}">Tester</var>
<var name="${time}">Mobile</var>
<status status="PASS" start="2025-06-04T18:48:45.631736" elapsed="9.364017"/>
</iter>
<iter>
<kw name="Preencher formulário com dados" owner="keywords">
<kw name="Input Text" owner="SeleniumLibrary">
<msg time="2025-06-04T18:48:54.996659" level="INFO">Typing text 'Ana' into text field 'id:form-nome'.</msg>
<arg>id:form-nome</arg>
<arg>${nome}</arg>
<doc>Types the given ``text`` into the text field identified by ``locator``.</doc>
<status status="PASS" start="2025-06-04T18:48:54.996467" elapsed="0.942495"/>
</kw>
<kw name="Input Text" owner="SeleniumLibrary">
<msg time="2025-06-04T18:48:55.939589" level="INFO">Typing text 'PM' into text field 'id:form-cargo'.</msg>
<arg>id:form-cargo</arg>
<arg>${cargo}</arg>
<doc>Types the given ``text`` into the text field identified by ``locator``.</doc>
<status status="PASS" start="2025-06-04T18:48:55.939274" elapsed="0.938350"/>
</kw>
<kw name="Input Text" owner="SeleniumLibrary">
<msg time="2025-06-04T18:48:56.878198" level="INFO">Typing text 'https://picsum.photos/200/300?grayscale' into text field 'id:form-imagem'.</msg>
<arg>id:form-imagem</arg>
<arg>${IMAGEM}</arg>
<doc>Types the given ``text`` into the text field identified by ``locator``.</doc>
<status status="PASS" start="2025-06-04T18:48:56.877913" elapsed="0.960236"/>
</kw>
<kw name="Click Element" owner="SeleniumLibrary">
<msg time="2025-06-04T18:48:57.838672" level="INFO">Clicking element 'class:lista-suspensa'.</msg>
<arg>class:lista-suspensa</arg>
<doc>Click the element identified by ``locator``.</doc>
<status status="PASS" start="2025-06-04T18:48:57.838428" elapsed="0.642110"/>
</kw>
<kw name="Click Element" owner="SeleniumLibrary">
<msg time="2025-06-04T18:48:58.481092" level="INFO">Clicking element '//option[contains(.,'Programação')]'.</msg>
<arg>//option[contains(.,'${time}')]</arg>
<doc>Click the element identified by ``locator``.</doc>
<status status="PASS" start="2025-06-04T18:48:58.480810" elapsed="0.617022"/>
</kw>
<kw name="Click Element" owner="SeleniumLibrary">
<msg time="2025-06-04T18:48:59.098354" level="INFO">Clicking element 'id:form-botao'.</msg>
<arg>id:form-botao</arg>
<doc>Click the element identified by ``locator``.</doc>
<status status="PASS" start="2025-06-04T18:48:59.098117" elapsed="0.678447"/>
</kw>
<kw name="Sleep" owner="BuiltIn">
<msg time="2025-06-04T18:49:00.777386" level="INFO">Slept 1 second.</msg>
<arg>1s</arg>
<doc>Pauses the test executed for the given time.</doc>
<status status="PASS" start="2025-06-04T18:48:59.776809" elapsed="1.000823"/>
</kw>
<arg>${nome}</arg>
<arg>${cargo}</arg>
<arg>${time}</arg>
<status status="PASS" start="2025-06-04T18:48:54.996151" elapsed="5.781623"/>
</kw>
<kw name="Validar colaborador criado" owner="keywords">
<kw name="Element Should Be Visible" owner="SeleniumLibrary">
<msg time="2025-06-04T18:49:01.388668" level="INFO">Element 'class:colaborador' is displayed.</msg>
<arg>class:colaborador</arg>
<doc>Verifies that the element identified by ``locator`` is visible.</doc>
<status status="PASS" start="2025-06-04T18:49:00.778278" elapsed="0.610712"/>
</kw>
<kw name="Sleep" owner="BuiltIn">
<msg time="2025-06-04T18:49:04.389580" level="INFO">Slept 3 seconds.</msg>
<arg>3s</arg>
<doc>Pauses the test executed for the given time.</doc>
<status status="PASS" start="2025-06-04T18:49:01.389256" elapsed="3.000565"/>
</kw>
<status status="PASS" start="2025-06-04T18:49:00.777989" elapsed="3.611976"/>
</kw>
<var name="${nome}">Ana</var>
<var name="${cargo}">PM</var>
<var name="${time}">Programação</var>
<status status="PASS" start="2025-06-04T18:48:54.995943" elapsed="9.394099"/>
</iter>
<iter>
<kw name="Preencher formulário com dados" owner="keywords">
<kw name="Input Text" owner="SeleniumLibrary">
<msg time="2025-06-04T18:49:04.391175" level="INFO">Typing text 'Lucas' into text field 'id:form-nome'.</msg>
<arg>id:form-nome</arg>
<arg>${nome}</arg>
<doc>Types the given ``text`` into the text field identified by ``locator``.</doc>
<status status="PASS" start="2025-06-04T18:49:04.390991" elapsed="0.941315"/>
</kw>
<kw name="Input Text" owner="SeleniumLibrary">
<msg time="2025-06-04T18:49:05.332871" level="INFO">Typing text 'Designer' into text field 'id:form-cargo'.</msg>
<arg>id:form-cargo</arg>
<arg>${cargo}</arg>
<doc>Types the given ``text`` into the text field identified by ``locator``.</doc>
<status status="PASS" start="2025-06-04T18:49:05.332586" elapsed="0.942119"/>
</kw>
<kw name="Input Text" owner="SeleniumLibrary">
<msg time="2025-06-04T18:49:06.275443" level="INFO">Typing text 'https://picsum.photos/200/300?grayscale' into text field 'id:form-imagem'.</msg>
<arg>id:form-imagem</arg>
<arg>${IMAGEM}</arg>
<doc>Types the given ``text`` into the text field identified by ``locator``.</doc>
<status status="PASS" start="2025-06-04T18:49:06.275134" elapsed="0.962433"/>
</kw>
<kw name="Click Element" owner="SeleniumLibrary">
<msg time="2025-06-04T18:49:07.238107" level="INFO">Clicking element 'class:lista-suspensa'.</msg>
<arg>class:lista-suspensa</arg>
<doc>Click the element identified by ``locator``.</doc>
<status status="PASS" start="2025-06-04T18:49:07.237859" elapsed="0.640003"/>
</kw>
<kw name="Click Element" owner="SeleniumLibrary">
<msg time="2025-06-04T18:49:07.878424" level="INFO">Clicking element '//option[contains(.,'Devops')]'.</msg>
<arg>//option[contains(.,'${time}')]</arg>
<doc>Click the element identified by ``locator``.</doc>
<status status="PASS" start="2025-06-04T18:49:07.878142" elapsed="0.616354"/>
</kw>
<kw name="Click Element" owner="SeleniumLibrary">
<msg time="2025-06-04T18:49:08.495027" level="INFO">Clicking element 'id:form-botao'.</msg>
<arg>id:form-botao</arg>
<doc>Click the element identified by ``locator``.</doc>
<status status="PASS" start="2025-06-04T18:49:08.494783" elapsed="0.638067"/>
</kw>
<kw name="Sleep" owner="BuiltIn">
<msg time="2025-06-04T18:49:10.133389" level="INFO">Slept 1 second.</msg>
<arg>1s</arg>
<doc>Pauses the test executed for the given time.</doc>
<status status="PASS" start="2025-06-04T18:49:09.133122" elapsed="1.000510"/>
</kw>
<arg>${nome}</arg>
<arg>${cargo}</arg>
<arg>${time}</arg>
<status status="PASS" start="2025-06-04T18:49:04.390664" elapsed="5.743116"/>
</kw>
<kw name="Validar colaborador criado" owner="keywords">
<kw name="Element Should Be Visible" owner="SeleniumLibrary">
<msg time="2025-06-04T18:49:10.743811" level="INFO">Element 'class:colaborador' is displayed.</msg>
<arg>class:colaborador</arg>
<doc>Verifies that the element identified by ``locator`` is visible.</doc>
<status status="PASS" start="2025-06-04T18:49:10.134285" elapsed="0.609786"/>
</kw>
<kw name="Sleep" owner="BuiltIn">
<msg time="2025-06-04T18:49:13.744827" level="INFO">Slept 3 seconds.</msg>
<arg>3s</arg>
<doc>Pauses the test executed for the given time.</doc>
<status status="PASS" start="2025-06-04T18:49:10.744269" elapsed="3.000809"/>
</kw>
<status status="PASS" start="2025-06-04T18:49:10.133996" elapsed="3.611225"/>
</kw>
<var name="${nome}">Lucas</var>
<var name="${cargo}">Designer</var>
<var name="${time}">Devops</var>
<status status="PASS" start="2025-06-04T18:49:04.390339" elapsed="9.354959"/>
</iter>
<var>${nome}</var>
<var>${cargo}</var>
<var>${time}</var>
<value>Felipe</value>
<value>QA</value>
<value>Front-End</value>
<value>Maria</value>
<value>Dev</value>
<value>Mobile</value>
<value>João</value>
<value>Tester</value>
<value>Mobile</value>
<value>Ana</value>
<value>PM</value>
<value>Programação</value>
<value>Lucas</value>
<value>Designer</value>
<value>Devops</value>
<status status="PASS" start="2025-06-04T18:48:26.846792" elapsed="46.898615"/>
</for>
<status status="PASS" start="2025-06-04T18:48:26.846331" elapsed="46.899557"/>
</test>
<kw name="Fechar navegador" owner="setup_teardown" type="TEARDOWN">
<kw name="Close Browser" owner="SeleniumLibrary">
<doc>Closes the current browser.</doc>
<status status="PASS" start="2025-06-04T18:49:13.747222" elapsed="2.369544"/>
</kw>
<status status="PASS" start="2025-06-04T18:49:13.746943" elapsed="2.370034"/>
</kw>
<status status="PASS" start="2025-06-04T18:48:25.062536" elapsed="51.054526"/>
</suite>
<statistics>
<total>
<stat pass="1" fail="0" skip="0">All Tests</stat>
</total>
<tag>
</tag>
<suite>
<stat name="Formulario" id="s1" pass="1" fail="0" skip="0">Formulario</stat>
</suite>
</statistics>
<errors>
</errors>
</robot>
